INFO  | 2023-07-20 18:14:25 | [main] util.LogHelper (LogHelper.java:31) - HHH000204: Processing PersistenceUnitInfo [name: foo]
INFO  | 2023-07-20 18:14:25 | [main] hibernate.Version (Version.java:46) - HHH000412: Hibernate Core {5.4.9.Final}
INFO  | 2023-07-20 18:14:26 | [main] java.JavaReflectionManager (JavaReflectionManager.java:49) - HCANN000001: Hibernate Commons Annotations {5.1.0.Final}
WARN  | 2023-07-20 18:14:26 | [main] internal.DriverManagerConnectionProviderImpl (DriverManagerConnectionProviderImpl.java:72) - HHH10001002: Using Hibernate built-in connection pool (not for production use!)
INFO  | 2023-07-20 18:14:26 | [main] internal.DriverManagerConnectionProviderImpl (DriverManagerConnectionProviderImpl.java:115) - HHH10001005: using driver [org.postgresql.Driver] at URL [jdbc:postgresql://localhost:5432/ukglab]
INFO  | 2023-07-20 18:14:26 | [main] internal.DriverManagerConnectionProviderImpl (DriverManagerConnectionProviderImpl.java:124) - HHH10001001: Connection properties: {user=postgres, password=****}
INFO  | 2023-07-20 18:14:26 | [main] internal.DriverManagerConnectionProviderImpl (DriverManagerConnectionProviderImpl.java:129) - HHH10001003: Autocommit mode: false
INFO  | 2023-07-20 18:14:26 | [main] internal.DriverManagerConnectionProviderImpl$PooledConnections (DriverManagerConnectionProviderImpl.java:249) - HHH000115: Hibernate connection pool size: 20 (min=1)
INFO  | 2023-07-20 18:14:26 | [main] dialect.Dialect (Dialect.java:172) - HHH000400: Using dialect: org.hibernate.dialect.PostgreSQL10Dialect
INFO  | 2023-07-20 18:14:26 | [main] internal.DdlTransactionIsolatorNonJtaImpl (DdlTransactionIsolatorNonJtaImpl.java:47) - HHH10001501: Connection obtained from JdbcConnectionAccess [org.hibernate.engine.jdbc.env.internal.JdbcEnvironmentInitiator$ConnectionProviderJdbcConnectionAccess@5411dd90] for (non-JTA) DDL execution was not in auto-commit mode; the Connection 'local transaction' will be committed and the Connection will be set into auto-commit mode.
WARN  | 2023-07-20 18:14:26 | [main] spi.SqlExceptionHelper$StandardWarningHandler (SqlExceptionHelper.java:230) - SQL Warning Code: 0, SQLState: 00000
WARN  | 2023-07-20 18:14:26 | [main] spi.SqlExceptionHelper$StandardWarningHandler (SqlExceptionHelper.java:231) - table "emp_table" does not exist, skipping
INFO  | 2023-07-20 18:14:26 | [main] internal.DdlTransactionIsolatorNonJtaImpl (DdlTransactionIsolatorNonJtaImpl.java:47) - HHH10001501: Connection obtained from JdbcConnectionAccess [org.hibernate.engine.jdbc.env.internal.JdbcEnvironmentInitiator$ConnectionProviderJdbcConnectionAccess@76c52298] for (non-JTA) DDL execution was not in auto-commit mode; the Connection 'local transaction' will be committed and the Connection will be set into auto-commit mode.
INFO  | 2023-07-20 18:14:26 | [main] internal.JtaPlatformInitiator (JtaPlatformInitiator.java:52) - HHH000490: Using JtaPlatform implementation: [org.hibernate.engine.transaction.jta.platform.internal.NoJtaPlatform]
INFO  | 2023-07-20 18:14:26 | [main] internal.DriverManagerConnectionProviderImpl$PoolState (DriverManagerConnectionProviderImpl.java:418) - HHH10001008: Cleaning up connection pool [jdbc:postgresql://localhost:5432/ukglab]
INFO  | 2023-07-25 09:57:48 | [main] util.LogHelper (LogHelper.java:31) - HHH000204: Processing PersistenceUnitInfo [name: ukgdemo]
INFO  | 2023-07-25 09:57:48 | [main] hibernate.Version (Version.java:46) - HHH000412: Hibernate Core {5.4.9.Final}
INFO  | 2023-07-25 09:57:48 | [main] java.JavaReflectionManager (JavaReflectionManager.java:49) - HCANN000001: Hibernate Commons Annotations {5.1.0.Final}
WARN  | 2023-07-25 09:57:49 | [main] internal.DriverManagerConnectionProviderImpl (DriverManagerConnectionProviderImpl.java:72) - HHH10001002: Using Hibernate built-in connection pool (not for production use!)
INFO  | 2023-07-25 09:57:49 | [main] internal.DriverManagerConnectionProviderImpl (DriverManagerConnectionProviderImpl.java:115) - HHH10001005: using driver [org.postgresql.Driver] at URL [jdbc:postgresql://localhost:5432/ukglab]
INFO  | 2023-07-25 09:57:49 | [main] internal.DriverManagerConnectionProviderImpl (DriverManagerConnectionProviderImpl.java:124) - HHH10001001: Connection properties: {user=postgres, password=****}
INFO  | 2023-07-25 09:57:49 | [main] internal.DriverManagerConnectionProviderImpl (DriverManagerConnectionProviderImpl.java:129) - HHH10001003: Autocommit mode: false
INFO  | 2023-07-25 09:57:49 | [main] internal.DriverManagerConnectionProviderImpl$PooledConnections (DriverManagerConnectionProviderImpl.java:249) - HHH000115: Hibernate connection pool size: 20 (min=1)
INFO  | 2023-07-25 09:57:49 | [main] dialect.Dialect (Dialect.java:172) - HHH000400: Using dialect: org.hibernate.dialect.PostgreSQL10Dialect
INFO  | 2023-07-25 09:57:49 | [main] internal.DdlTransactionIsolatorNonJtaImpl (DdlTransactionIsolatorNonJtaImpl.java:47) - HHH10001501: Connection obtained from JdbcConnectionAccess [org.hibernate.engine.jdbc.env.internal.JdbcEnvironmentInitiator$ConnectionProviderJdbcConnectionAccess@61e3cf4d] for (non-JTA) DDL execution was not in auto-commit mode; the Connection 'local transaction' will be committed and the Connection will be set into auto-commit mode.
WARN  | 2023-07-25 09:57:49 | [main] spi.SqlExceptionHelper$StandardWarningHandler (SqlExceptionHelper.java:230) - SQL Warning Code: 0, SQLState: 00000
WARN  | 2023-07-25 09:57:49 | [main] spi.SqlExceptionHelper$StandardWarningHandler (SqlExceptionHelper.java:231) - table "emp_table_jpa" does not exist, skipping
INFO  | 2023-07-25 09:57:49 | [main] internal.DdlTransactionIsolatorNonJtaImpl (DdlTransactionIsolatorNonJtaImpl.java:47) - HHH10001501: Connection obtained from JdbcConnectionAccess [org.hibernate.engine.jdbc.env.internal.JdbcEnvironmentInitiator$ConnectionProviderJdbcConnectionAccess@4bb003e9] for (non-JTA) DDL execution was not in auto-commit mode; the Connection 'local transaction' will be committed and the Connection will be set into auto-commit mode.
INFO  | 2023-07-25 09:57:49 | [main] internal.JtaPlatformInitiator (JtaPlatformInitiator.java:52) - HHH000490: Using JtaPlatform implementation: [org.hibernate.engine.transaction.jta.platform.internal.NoJtaPlatform]
INFO  | 2023-07-25 09:57:49 | [main] internal.DriverManagerConnectionProviderImpl$PoolState (DriverManagerConnectionProviderImpl.java:418) - HHH10001008: Cleaning up connection pool [jdbc:postgresql://localhost:5432/ukglab]
INFO  | 2023-07-25 09:59:45 | [main] util.LogHelper (LogHelper.java:31) - HHH000204: Processing PersistenceUnitInfo [name: ukgdemo]
INFO  | 2023-07-25 09:59:45 | [main] hibernate.Version (Version.java:46) - HHH000412: Hibernate Core {5.4.9.Final}
INFO  | 2023-07-25 09:59:45 | [main] java.JavaReflectionManager (JavaReflectionManager.java:49) - HCANN000001: Hibernate Commons Annotations {5.1.0.Final}
WARN  | 2023-07-25 09:59:45 | [main] internal.DriverManagerConnectionProviderImpl (DriverManagerConnectionProviderImpl.java:72) - HHH10001002: Using Hibernate built-in connection pool (not for production use!)
INFO  | 2023-07-25 09:59:45 | [main] internal.DriverManagerConnectionProviderImpl (DriverManagerConnectionProviderImpl.java:115) - HHH10001005: using driver [org.postgresql.Driver] at URL [jdbc:postgresql://localhost:5432/ukglab]
INFO  | 2023-07-25 09:59:45 | [main] internal.DriverManagerConnectionProviderImpl (DriverManagerConnectionProviderImpl.java:124) - HHH10001001: Connection properties: {user=postgres, password=****}
INFO  | 2023-07-25 09:59:45 | [main] internal.DriverManagerConnectionProviderImpl (DriverManagerConnectionProviderImpl.java:129) - HHH10001003: Autocommit mode: false
INFO  | 2023-07-25 09:59:45 | [main] internal.DriverManagerConnectionProviderImpl$PooledConnections (DriverManagerConnectionProviderImpl.java:249) - HHH000115: Hibernate connection pool size: 20 (min=1)
INFO  | 2023-07-25 09:59:45 | [main] dialect.Dialect (Dialect.java:172) - HHH000400: Using dialect: org.hibernate.dialect.PostgreSQL10Dialect
INFO  | 2023-07-25 09:59:46 | [main] internal.DdlTransactionIsolatorNonJtaImpl (DdlTransactionIsolatorNonJtaImpl.java:47) - HHH10001501: Connection obtained from JdbcConnectionAccess [org.hibernate.engine.jdbc.env.internal.JdbcEnvironmentInitiator$ConnectionProviderJdbcConnectionAccess@6de0f580] for (non-JTA) DDL execution was not in auto-commit mode; the Connection 'local transaction' will be committed and the Connection will be set into auto-commit mode.
INFO  | 2023-07-25 09:59:46 | [main] internal.JtaPlatformInitiator (JtaPlatformInitiator.java:52) - HHH000490: Using JtaPlatform implementation: [org.hibernate.engine.transaction.jta.platform.internal.NoJtaPlatform]
INFO  | 2023-07-25 09:59:46 | [main] internal.DriverManagerConnectionProviderImpl$PoolState (DriverManagerConnectionProviderImpl.java:418) - HHH10001008: Cleaning up connection pool [jdbc:postgresql://localhost:5432/ukglab]
INFO  | 2023-07-25 10:01:59 | [main] util.LogHelper (LogHelper.java:31) - HHH000204: Processing PersistenceUnitInfo [name: ukgdemo]
INFO  | 2023-07-25 10:01:59 | [main] hibernate.Version (Version.java:46) - HHH000412: Hibernate Core {5.4.9.Final}
INFO  | 2023-07-25 10:01:59 | [main] java.JavaReflectionManager (JavaReflectionManager.java:49) - HCANN000001: Hibernate Commons Annotations {5.1.0.Final}
WARN  | 2023-07-25 10:01:59 | [main] internal.DriverManagerConnectionProviderImpl (DriverManagerConnectionProviderImpl.java:72) - HHH10001002: Using Hibernate built-in connection pool (not for production use!)
INFO  | 2023-07-25 10:01:59 | [main] internal.DriverManagerConnectionProviderImpl (DriverManagerConnectionProviderImpl.java:115) - HHH10001005: using driver [org.postgresql.Driver] at URL [jdbc:postgresql://localhost:5432/ukglab]
INFO  | 2023-07-25 10:01:59 | [main] internal.DriverManagerConnectionProviderImpl (DriverManagerConnectionProviderImpl.java:124) - HHH10001001: Connection properties: {user=postgres, password=****}
INFO  | 2023-07-25 10:01:59 | [main] internal.DriverManagerConnectionProviderImpl (DriverManagerConnectionProviderImpl.java:129) - HHH10001003: Autocommit mode: false
INFO  | 2023-07-25 10:01:59 | [main] internal.DriverManagerConnectionProviderImpl$PooledConnections (DriverManagerConnectionProviderImpl.java:249) - HHH000115: Hibernate connection pool size: 20 (min=1)
INFO  | 2023-07-25 10:01:59 | [main] dialect.Dialect (Dialect.java:172) - HHH000400: Using dialect: org.hibernate.dialect.PostgreSQL10Dialect
INFO  | 2023-07-25 10:02:00 | [main] internal.DdlTransactionIsolatorNonJtaImpl (DdlTransactionIsolatorNonJtaImpl.java:47) - HHH10001501: Connection obtained from JdbcConnectionAccess [org.hibernate.engine.jdbc.env.internal.JdbcEnvironmentInitiator$ConnectionProviderJdbcConnectionAccess@6de0f580] for (non-JTA) DDL execution was not in auto-commit mode; the Connection 'local transaction' will be committed and the Connection will be set into auto-commit mode.
INFO  | 2023-07-25 10:02:00 | [main] internal.JtaPlatformInitiator (JtaPlatformInitiator.java:52) - HHH000490: Using JtaPlatform implementation: [org.hibernate.engine.transaction.jta.platform.internal.NoJtaPlatform]
INFO  | 2023-07-25 10:02:00 | [main] internal.DriverManagerConnectionProviderImpl$PoolState (DriverManagerConnectionProviderImpl.java:418) - HHH10001008: Cleaning up connection pool [jdbc:postgresql://localhost:5432/ukglab]
INFO  | 2023-07-25 10:02:49 | [main] util.LogHelper (LogHelper.java:31) - HHH000204: Processing PersistenceUnitInfo [name: ukgdemo]
INFO  | 2023-07-25 10:02:49 | [main] hibernate.Version (Version.java:46) - HHH000412: Hibernate Core {5.4.9.Final}
INFO  | 2023-07-25 10:02:50 | [main] java.JavaReflectionManager (JavaReflectionManager.java:49) - HCANN000001: Hibernate Commons Annotations {5.1.0.Final}
WARN  | 2023-07-25 10:02:50 | [main] internal.DriverManagerConnectionProviderImpl (DriverManagerConnectionProviderImpl.java:72) - HHH10001002: Using Hibernate built-in connection pool (not for production use!)
INFO  | 2023-07-25 10:02:50 | [main] internal.DriverManagerConnectionProviderImpl (DriverManagerConnectionProviderImpl.java:115) - HHH10001005: using driver [org.postgresql.Driver] at URL [jdbc:postgresql://localhost:5432/ukglab]
INFO  | 2023-07-25 10:02:50 | [main] internal.DriverManagerConnectionProviderImpl (DriverManagerConnectionProviderImpl.java:124) - HHH10001001: Connection properties: {user=postgres, password=****}
INFO  | 2023-07-25 10:02:50 | [main] internal.DriverManagerConnectionProviderImpl (DriverManagerConnectionProviderImpl.java:129) - HHH10001003: Autocommit mode: false
INFO  | 2023-07-25 10:02:50 | [main] internal.DriverManagerConnectionProviderImpl$PooledConnections (DriverManagerConnectionProviderImpl.java:249) - HHH000115: Hibernate connection pool size: 20 (min=1)
INFO  | 2023-07-25 10:02:50 | [main] dialect.Dialect (Dialect.java:172) - HHH000400: Using dialect: org.hibernate.dialect.PostgreSQL10Dialect
INFO  | 2023-07-25 10:02:50 | [main] internal.DdlTransactionIsolatorNonJtaImpl (DdlTransactionIsolatorNonJtaImpl.java:47) - HHH10001501: Connection obtained from JdbcConnectionAccess [org.hibernate.engine.jdbc.env.internal.JdbcEnvironmentInitiator$ConnectionProviderJdbcConnectionAccess@6de0f580] for (non-JTA) DDL execution was not in auto-commit mode; the Connection 'local transaction' will be committed and the Connection will be set into auto-commit mode.
INFO  | 2023-07-25 10:02:50 | [main] internal.JtaPlatformInitiator (JtaPlatformInitiator.java:52) - HHH000490: Using JtaPlatform implementation: [org.hibernate.engine.transaction.jta.platform.internal.NoJtaPlatform]
INFO  | 2023-07-25 10:02:50 | [main] internal.DriverManagerConnectionProviderImpl$PoolState (DriverManagerConnectionProviderImpl.java:418) - HHH10001008: Cleaning up connection pool [jdbc:postgresql://localhost:5432/ukglab]
INFO  | 2023-07-25 10:04:09 | [main] util.LogHelper (LogHelper.java:31) - HHH000204: Processing PersistenceUnitInfo [name: ukgdemo]
INFO  | 2023-07-25 10:04:09 | [main] hibernate.Version (Version.java:46) - HHH000412: Hibernate Core {5.4.9.Final}
INFO  | 2023-07-25 10:04:09 | [main] java.JavaReflectionManager (JavaReflectionManager.java:49) - HCANN000001: Hibernate Commons Annotations {5.1.0.Final}
WARN  | 2023-07-25 10:04:09 | [main] internal.DriverManagerConnectionProviderImpl (DriverManagerConnectionProviderImpl.java:72) - HHH10001002: Using Hibernate built-in connection pool (not for production use!)
INFO  | 2023-07-25 10:04:09 | [main] internal.DriverManagerConnectionProviderImpl (DriverManagerConnectionProviderImpl.java:115) - HHH10001005: using driver [org.postgresql.Driver] at URL [jdbc:postgresql://localhost:5432/ukglab]
INFO  | 2023-07-25 10:04:09 | [main] internal.DriverManagerConnectionProviderImpl (DriverManagerConnectionProviderImpl.java:124) - HHH10001001: Connection properties: {user=postgres, password=****}
INFO  | 2023-07-25 10:04:09 | [main] internal.DriverManagerConnectionProviderImpl (DriverManagerConnectionProviderImpl.java:129) - HHH10001003: Autocommit mode: false
INFO  | 2023-07-25 10:04:09 | [main] internal.DriverManagerConnectionProviderImpl$PooledConnections (DriverManagerConnectionProviderImpl.java:249) - HHH000115: Hibernate connection pool size: 20 (min=1)
INFO  | 2023-07-25 10:04:10 | [main] dialect.Dialect (Dialect.java:172) - HHH000400: Using dialect: org.hibernate.dialect.PostgreSQL10Dialect
INFO  | 2023-07-25 10:04:10 | [main] internal.DdlTransactionIsolatorNonJtaImpl (DdlTransactionIsolatorNonJtaImpl.java:47) - HHH10001501: Connection obtained from JdbcConnectionAccess [org.hibernate.engine.jdbc.env.internal.JdbcEnvironmentInitiator$ConnectionProviderJdbcConnectionAccess@6de0f580] for (non-JTA) DDL execution was not in auto-commit mode; the Connection 'local transaction' will be committed and the Connection will be set into auto-commit mode.
INFO  | 2023-07-25 10:04:10 | [main] internal.JtaPlatformInitiator (JtaPlatformInitiator.java:52) - HHH000490: Using JtaPlatform implementation: [org.hibernate.engine.transaction.jta.platform.internal.NoJtaPlatform]
INFO  | 2023-07-25 10:04:10 | [main] internal.DriverManagerConnectionProviderImpl$PoolState (DriverManagerConnectionProviderImpl.java:418) - HHH10001008: Cleaning up connection pool [jdbc:postgresql://localhost:5432/ukglab]
INFO  | 2023-07-25 10:05:42 | [main] util.LogHelper (LogHelper.java:31) - HHH000204: Processing PersistenceUnitInfo [name: ukgdemo]
INFO  | 2023-07-25 10:05:42 | [main] hibernate.Version (Version.java:46) - HHH000412: Hibernate Core {5.4.9.Final}
INFO  | 2023-07-25 10:05:42 | [main] java.JavaReflectionManager (JavaReflectionManager.java:49) - HCANN000001: Hibernate Commons Annotations {5.1.0.Final}
WARN  | 2023-07-25 10:05:43 | [main] internal.DriverManagerConnectionProviderImpl (DriverManagerConnectionProviderImpl.java:72) - HHH10001002: Using Hibernate built-in connection pool (not for production use!)
INFO  | 2023-07-25 10:05:43 | [main] internal.DriverManagerConnectionProviderImpl (DriverManagerConnectionProviderImpl.java:115) - HHH10001005: using driver [org.postgresql.Driver] at URL [jdbc:postgresql://localhost:5432/ukglab]
INFO  | 2023-07-25 10:05:43 | [main] internal.DriverManagerConnectionProviderImpl (DriverManagerConnectionProviderImpl.java:124) - HHH10001001: Connection properties: {user=postgres, password=****}
INFO  | 2023-07-25 10:05:43 | [main] internal.DriverManagerConnectionProviderImpl (DriverManagerConnectionProviderImpl.java:129) - HHH10001003: Autocommit mode: false
INFO  | 2023-07-25 10:05:43 | [main] internal.DriverManagerConnectionProviderImpl$PooledConnections (DriverManagerConnectionProviderImpl.java:249) - HHH000115: Hibernate connection pool size: 20 (min=1)
INFO  | 2023-07-25 10:05:43 | [main] dialect.Dialect (Dialect.java:172) - HHH000400: Using dialect: org.hibernate.dialect.PostgreSQL10Dialect
INFO  | 2023-07-25 10:05:43 | [main] internal.DdlTransactionIsolatorNonJtaImpl (DdlTransactionIsolatorNonJtaImpl.java:47) - HHH10001501: Connection obtained from JdbcConnectionAccess [org.hibernate.engine.jdbc.env.internal.JdbcEnvironmentInitiator$ConnectionProviderJdbcConnectionAccess@6de0f580] for (non-JTA) DDL execution was not in auto-commit mode; the Connection 'local transaction' will be committed and the Connection will be set into auto-commit mode.
INFO  | 2023-07-25 10:05:43 | [main] internal.JtaPlatformInitiator (JtaPlatformInitiator.java:52) - HHH000490: Using JtaPlatform implementation: [org.hibernate.engine.transaction.jta.platform.internal.NoJtaPlatform]
INFO  | 2023-07-25 10:06:04 | [main] util.LogHelper (LogHelper.java:31) - HHH000204: Processing PersistenceUnitInfo [name: ukgdemo]
INFO  | 2023-07-25 10:06:04 | [main] hibernate.Version (Version.java:46) - HHH000412: Hibernate Core {5.4.9.Final}
INFO  | 2023-07-25 10:06:04 | [main] java.JavaReflectionManager (JavaReflectionManager.java:49) - HCANN000001: Hibernate Commons Annotations {5.1.0.Final}
WARN  | 2023-07-25 10:06:04 | [main] internal.DriverManagerConnectionProviderImpl (DriverManagerConnectionProviderImpl.java:72) - HHH10001002: Using Hibernate built-in connection pool (not for production use!)
INFO  | 2023-07-25 10:06:04 | [main] internal.DriverManagerConnectionProviderImpl (DriverManagerConnectionProviderImpl.java:115) - HHH10001005: using driver [org.postgresql.Driver] at URL [jdbc:postgresql://localhost:5432/ukglab]
INFO  | 2023-07-25 10:06:04 | [main] internal.DriverManagerConnectionProviderImpl (DriverManagerConnectionProviderImpl.java:124) - HHH10001001: Connection properties: {user=postgres, password=****}
INFO  | 2023-07-25 10:06:04 | [main] internal.DriverManagerConnectionProviderImpl (DriverManagerConnectionProviderImpl.java:129) - HHH10001003: Autocommit mode: false
INFO  | 2023-07-25 10:06:04 | [main] internal.DriverManagerConnectionProviderImpl$PooledConnections (DriverManagerConnectionProviderImpl.java:249) - HHH000115: Hibernate connection pool size: 20 (min=1)
INFO  | 2023-07-25 10:06:05 | [main] dialect.Dialect (Dialect.java:172) - HHH000400: Using dialect: org.hibernate.dialect.PostgreSQL10Dialect
INFO  | 2023-07-25 10:06:05 | [main] internal.DdlTransactionIsolatorNonJtaImpl (DdlTransactionIsolatorNonJtaImpl.java:47) - HHH10001501: Connection obtained from JdbcConnectionAccess [org.hibernate.engine.jdbc.env.internal.JdbcEnvironmentInitiator$ConnectionProviderJdbcConnectionAccess@6de0f580] for (non-JTA) DDL execution was not in auto-commit mode; the Connection 'local transaction' will be committed and the Connection will be set into auto-commit mode.
INFO  | 2023-07-25 10:06:05 | [main] internal.JtaPlatformInitiator (JtaPlatformInitiator.java:52) - HHH000490: Using JtaPlatform implementation: [org.hibernate.engine.transaction.jta.platform.internal.NoJtaPlatform]
INFO  | 2023-07-25 10:06:05 | [main] internal.DriverManagerConnectionProviderImpl$PoolState (DriverManagerConnectionProviderImpl.java:418) - HHH10001008: Cleaning up connection pool [jdbc:postgresql://localhost:5432/ukglab]
INFO  | 2023-07-25 10:07:54 | [main] util.LogHelper (LogHelper.java:31) - HHH000204: Processing PersistenceUnitInfo [name: ukgdemo]
INFO  | 2023-07-25 10:07:54 | [main] hibernate.Version (Version.java:46) - HHH000412: Hibernate Core {5.4.9.Final}
INFO  | 2023-07-25 10:07:54 | [main] java.JavaReflectionManager (JavaReflectionManager.java:49) - HCANN000001: Hibernate Commons Annotations {5.1.0.Final}
WARN  | 2023-07-25 10:07:54 | [main] internal.DriverManagerConnectionProviderImpl (DriverManagerConnectionProviderImpl.java:72) - HHH10001002: Using Hibernate built-in connection pool (not for production use!)
INFO  | 2023-07-25 10:07:54 | [main] internal.DriverManagerConnectionProviderImpl (DriverManagerConnectionProviderImpl.java:115) - HHH10001005: using driver [org.postgresql.Driver] at URL [jdbc:postgresql://localhost:5432/ukglab]
INFO  | 2023-07-25 10:07:54 | [main] internal.DriverManagerConnectionProviderImpl (DriverManagerConnectionProviderImpl.java:124) - HHH10001001: Connection properties: {user=postgres, password=****}
INFO  | 2023-07-25 10:07:54 | [main] internal.DriverManagerConnectionProviderImpl (DriverManagerConnectionProviderImpl.java:129) - HHH10001003: Autocommit mode: false
INFO  | 2023-07-25 10:07:54 | [main] internal.DriverManagerConnectionProviderImpl$PooledConnections (DriverManagerConnectionProviderImpl.java:249) - HHH000115: Hibernate connection pool size: 20 (min=1)
INFO  | 2023-07-25 10:07:54 | [main] dialect.Dialect (Dialect.java:172) - HHH000400: Using dialect: org.hibernate.dialect.PostgreSQL10Dialect
INFO  | 2023-07-25 10:07:55 | [main] internal.DdlTransactionIsolatorNonJtaImpl (DdlTransactionIsolatorNonJtaImpl.java:47) - HHH10001501: Connection obtained from JdbcConnectionAccess [org.hibernate.engine.jdbc.env.internal.JdbcEnvironmentInitiator$ConnectionProviderJdbcConnectionAccess@6de0f580] for (non-JTA) DDL execution was not in auto-commit mode; the Connection 'local transaction' will be committed and the Connection will be set into auto-commit mode.
INFO  | 2023-07-25 10:07:55 | [main] internal.JtaPlatformInitiator (JtaPlatformInitiator.java:52) - HHH000490: Using JtaPlatform implementation: [org.hibernate.engine.transaction.jta.platform.internal.NoJtaPlatform]
INFO  | 2023-07-25 10:08:09 | [main] util.LogHelper (LogHelper.java:31) - HHH000204: Processing PersistenceUnitInfo [name: ukgdemo]
INFO  | 2023-07-25 10:08:09 | [main] hibernate.Version (Version.java:46) - HHH000412: Hibernate Core {5.4.9.Final}
INFO  | 2023-07-25 10:08:09 | [main] java.JavaReflectionManager (JavaReflectionManager.java:49) - HCANN000001: Hibernate Commons Annotations {5.1.0.Final}
WARN  | 2023-07-25 10:08:09 | [main] internal.DriverManagerConnectionProviderImpl (DriverManagerConnectionProviderImpl.java:72) - HHH10001002: Using Hibernate built-in connection pool (not for production use!)
INFO  | 2023-07-25 10:08:09 | [main] internal.DriverManagerConnectionProviderImpl (DriverManagerConnectionProviderImpl.java:115) - HHH10001005: using driver [org.postgresql.Driver] at URL [jdbc:postgresql://localhost:5432/ukglab]
INFO  | 2023-07-25 10:08:09 | [main] internal.DriverManagerConnectionProviderImpl (DriverManagerConnectionProviderImpl.java:124) - HHH10001001: Connection properties: {user=postgres, password=****}
INFO  | 2023-07-25 10:08:09 | [main] internal.DriverManagerConnectionProviderImpl (DriverManagerConnectionProviderImpl.java:129) - HHH10001003: Autocommit mode: false
INFO  | 2023-07-25 10:08:09 | [main] internal.DriverManagerConnectionProviderImpl$PooledConnections (DriverManagerConnectionProviderImpl.java:249) - HHH000115: Hibernate connection pool size: 20 (min=1)
INFO  | 2023-07-25 10:08:09 | [main] dialect.Dialect (Dialect.java:172) - HHH000400: Using dialect: org.hibernate.dialect.PostgreSQL10Dialect
INFO  | 2023-07-25 10:08:09 | [main] internal.DdlTransactionIsolatorNonJtaImpl (DdlTransactionIsolatorNonJtaImpl.java:47) - HHH10001501: Connection obtained from JdbcConnectionAccess [org.hibernate.engine.jdbc.env.internal.JdbcEnvironmentInitiator$ConnectionProviderJdbcConnectionAccess@6de0f580] for (non-JTA) DDL execution was not in auto-commit mode; the Connection 'local transaction' will be committed and the Connection will be set into auto-commit mode.
INFO  | 2023-07-25 10:08:09 | [main] internal.JtaPlatformInitiator (JtaPlatformInitiator.java:52) - HHH000490: Using JtaPlatform implementation: [org.hibernate.engine.transaction.jta.platform.internal.NoJtaPlatform]
INFO  | 2023-07-25 10:08:09 | [main] internal.DriverManagerConnectionProviderImpl$PoolState (DriverManagerConnectionProviderImpl.java:418) - HHH10001008: Cleaning up connection pool [jdbc:postgresql://localhost:5432/ukglab]
INFO  | 2023-07-25 10:13:08 | [main] util.LogHelper (LogHelper.java:31) - HHH000204: Processing PersistenceUnitInfo [name: ukgdemo]
INFO  | 2023-07-25 10:13:08 | [main] hibernate.Version (Version.java:46) - HHH000412: Hibernate Core {5.4.9.Final}
INFO  | 2023-07-25 10:13:08 | [main] java.JavaReflectionManager (JavaReflectionManager.java:49) - HCANN000001: Hibernate Commons Annotations {5.1.0.Final}
WARN  | 2023-07-25 10:13:08 | [main] internal.DriverManagerConnectionProviderImpl (DriverManagerConnectionProviderImpl.java:72) - HHH10001002: Using Hibernate built-in connection pool (not for production use!)
INFO  | 2023-07-25 10:13:08 | [main] internal.DriverManagerConnectionProviderImpl (DriverManagerConnectionProviderImpl.java:115) - HHH10001005: using driver [org.postgresql.Driver] at URL [jdbc:postgresql://localhost:5432/ukglab]
INFO  | 2023-07-25 10:13:08 | [main] internal.DriverManagerConnectionProviderImpl (DriverManagerConnectionProviderImpl.java:124) - HHH10001001: Connection properties: {user=postgres, password=****}
INFO  | 2023-07-25 10:13:08 | [main] internal.DriverManagerConnectionProviderImpl (DriverManagerConnectionProviderImpl.java:129) - HHH10001003: Autocommit mode: false
INFO  | 2023-07-25 10:13:08 | [main] internal.DriverManagerConnectionProviderImpl$PooledConnections (DriverManagerConnectionProviderImpl.java:249) - HHH000115: Hibernate connection pool size: 20 (min=1)
INFO  | 2023-07-25 10:13:08 | [main] dialect.Dialect (Dialect.java:172) - HHH000400: Using dialect: org.hibernate.dialect.PostgreSQL10Dialect
INFO  | 2023-07-25 10:13:09 | [main] internal.DdlTransactionIsolatorNonJtaImpl (DdlTransactionIsolatorNonJtaImpl.java:47) - HHH10001501: Connection obtained from JdbcConnectionAccess [org.hibernate.engine.jdbc.env.internal.JdbcEnvironmentInitiator$ConnectionProviderJdbcConnectionAccess@6de0f580] for (non-JTA) DDL execution was not in auto-commit mode; the Connection 'local transaction' will be committed and the Connection will be set into auto-commit mode.
INFO  | 2023-07-25 10:13:09 | [main] internal.JtaPlatformInitiator (JtaPlatformInitiator.java:52) - HHH000490: Using JtaPlatform implementation: [org.hibernate.engine.transaction.jta.platform.internal.NoJtaPlatform]
INFO  | 2023-07-25 10:13:09 | [main] internal.DriverManagerConnectionProviderImpl$PoolState (DriverManagerConnectionProviderImpl.java:418) - HHH10001008: Cleaning up connection pool [jdbc:postgresql://localhost:5432/ukglab]
INFO  | 2023-07-25 10:13:21 | [main] util.LogHelper (LogHelper.java:31) - HHH000204: Processing PersistenceUnitInfo [name: ukgdemo]
INFO  | 2023-07-25 10:13:21 | [main] hibernate.Version (Version.java:46) - HHH000412: Hibernate Core {5.4.9.Final}
INFO  | 2023-07-25 10:13:22 | [main] java.JavaReflectionManager (JavaReflectionManager.java:49) - HCANN000001: Hibernate Commons Annotations {5.1.0.Final}
WARN  | 2023-07-25 10:13:22 | [main] internal.DriverManagerConnectionProviderImpl (DriverManagerConnectionProviderImpl.java:72) - HHH10001002: Using Hibernate built-in connection pool (not for production use!)
INFO  | 2023-07-25 10:13:22 | [main] internal.DriverManagerConnectionProviderImpl (DriverManagerConnectionProviderImpl.java:115) - HHH10001005: using driver [org.postgresql.Driver] at URL [jdbc:postgresql://localhost:5432/ukglab]
INFO  | 2023-07-25 10:13:22 | [main] internal.DriverManagerConnectionProviderImpl (DriverManagerConnectionProviderImpl.java:124) - HHH10001001: Connection properties: {user=postgres, password=****}
INFO  | 2023-07-25 10:13:22 | [main] internal.DriverManagerConnectionProviderImpl (DriverManagerConnectionProviderImpl.java:129) - HHH10001003: Autocommit mode: false
INFO  | 2023-07-25 10:13:22 | [main] internal.DriverManagerConnectionProviderImpl$PooledConnections (DriverManagerConnectionProviderImpl.java:249) - HHH000115: Hibernate connection pool size: 20 (min=1)
INFO  | 2023-07-25 10:13:22 | [main] dialect.Dialect (Dialect.java:172) - HHH000400: Using dialect: org.hibernate.dialect.PostgreSQL10Dialect
INFO  | 2023-07-25 10:13:22 | [main] internal.DdlTransactionIsolatorNonJtaImpl (DdlTransactionIsolatorNonJtaImpl.java:47) - HHH10001501: Connection obtained from JdbcConnectionAccess [org.hibernate.engine.jdbc.env.internal.JdbcEnvironmentInitiator$ConnectionProviderJdbcConnectionAccess@6de0f580] for (non-JTA) DDL execution was not in auto-commit mode; the Connection 'local transaction' will be committed and the Connection will be set into auto-commit mode.
INFO  | 2023-07-25 10:13:22 | [main] internal.JtaPlatformInitiator (JtaPlatformInitiator.java:52) - HHH000490: Using JtaPlatform implementation: [org.hibernate.engine.transaction.jta.platform.internal.NoJtaPlatform]
INFO  | 2023-07-25 10:13:22 | [main] internal.DriverManagerConnectionProviderImpl$PoolState (DriverManagerConnectionProviderImpl.java:418) - HHH10001008: Cleaning up connection pool [jdbc:postgresql://localhost:5432/ukglab]
INFO  | 2023-07-25 10:14:28 | [main] util.LogHelper (LogHelper.java:31) - HHH000204: Processing PersistenceUnitInfo [name: ukgdemo]
INFO  | 2023-07-25 10:14:28 | [main] hibernate.Version (Version.java:46) - HHH000412: Hibernate Core {5.4.9.Final}
INFO  | 2023-07-25 10:14:28 | [main] java.JavaReflectionManager (JavaReflectionManager.java:49) - HCANN000001: Hibernate Commons Annotations {5.1.0.Final}
WARN  | 2023-07-25 10:14:28 | [main] internal.DriverManagerConnectionProviderImpl (DriverManagerConnectionProviderImpl.java:72) - HHH10001002: Using Hibernate built-in connection pool (not for production use!)
INFO  | 2023-07-25 10:14:28 | [main] internal.DriverManagerConnectionProviderImpl (DriverManagerConnectionProviderImpl.java:115) - HHH10001005: using driver [org.postgresql.Driver] at URL [jdbc:postgresql://localhost:5432/ukglab]
INFO  | 2023-07-25 10:14:28 | [main] internal.DriverManagerConnectionProviderImpl (DriverManagerConnectionProviderImpl.java:124) - HHH10001001: Connection properties: {user=postgres, password=****}
INFO  | 2023-07-25 10:14:28 | [main] internal.DriverManagerConnectionProviderImpl (DriverManagerConnectionProviderImpl.java:129) - HHH10001003: Autocommit mode: false
INFO  | 2023-07-25 10:14:28 | [main] internal.DriverManagerConnectionProviderImpl$PooledConnections (DriverManagerConnectionProviderImpl.java:249) - HHH000115: Hibernate connection pool size: 20 (min=1)
INFO  | 2023-07-25 10:14:28 | [main] dialect.Dialect (Dialect.java:172) - HHH000400: Using dialect: org.hibernate.dialect.PostgreSQL10Dialect
INFO  | 2023-07-25 10:14:29 | [main] internal.DdlTransactionIsolatorNonJtaImpl (DdlTransactionIsolatorNonJtaImpl.java:47) - HHH10001501: Connection obtained from JdbcConnectionAccess [org.hibernate.engine.jdbc.env.internal.JdbcEnvironmentInitiator$ConnectionProviderJdbcConnectionAccess@6de0f580] for (non-JTA) DDL execution was not in auto-commit mode; the Connection 'local transaction' will be committed and the Connection will be set into auto-commit mode.
INFO  | 2023-07-25 10:14:29 | [main] internal.JtaPlatformInitiator (JtaPlatformInitiator.java:52) - HHH000490: Using JtaPlatform implementation: [org.hibernate.engine.transaction.jta.platform.internal.NoJtaPlatform]
INFO  | 2023-07-25 10:14:29 | [main] internal.DriverManagerConnectionProviderImpl$PoolState (DriverManagerConnectionProviderImpl.java:418) - HHH10001008: Cleaning up connection pool [jdbc:postgresql://localhost:5432/ukglab]
